# JRE version: OpenJDK Runtime Environment (21.0.1+12) (build 21.0.1+12-29)
# Java VM: OpenJDK 64-Bit Server VM (21.0.1+12-29, mixed mode, emulated-client, sharing, tiered, compressed oops, compressed class ptrs, g1 gc, windows-amd64)
GC Precious Log:
 CardTable entry size: 512
 Card Set container configuration: InlinePtr #cards 4 size 8 Array Of Cards #cards 16 size 48 Howl #buckets 8 coarsen threshold 3686 Howl Bitmap #cards 512 size 80 coarsen threshold 460 Card regions per heap region 1 cards per card region 4096
 CPUs: 4 total, 4 available
 Memory: 16259M
 Large Page Support: Disabled
 NUMA Support: Disabled
 Compressed Oops: Enabled (Zero based)
 Heap Region Size: 2M
 Heap Min Capacity: 8M
 Heap Initial Capacity: 256M
 Heap Max Capacity: 4066M
 Pre-touch: Disabled
 Parallel Workers: 4
 Concurrent Workers: 1
 Concurrent Refinement Workers: 4
 Periodic GC: Disabled
Heap:
 garbage-first heap   total 69632K, used 28951K [0x0000000701e00000, 0x0000000800000000)
  region size 2048K, 6 young (12288K), 3 survivors (6144K)
 Metaspace       used 54892K, committed 55552K, reserved 1114112K
  class space    used 7890K, committed 8192K, reserved 1048576K
GC Heap History (18 events):
Event: 1.732 GC heap before
{Heap before GC invocations=0 (full 0):
 garbage-first heap   total 262144K, used 10240K [0x0000000701e00000, 0x0000000800000000)
  region size 2048K, 6 young (12288K), 0 survivors (0K)
 Metaspace       used 2873K, committed 3008K, reserved 1114112K
  class space    used 324K, committed 384K, reserved 1048576K
}
Event: 1.738 GC heap after
{Heap after GC invocations=1 (full 0):
 garbage-first heap   total 262144K, used 7492K [0x0000000701e00000, 0x0000000800000000)
  region size 2048K, 1 young (2048K), 1 survivors (2048K)
 Metaspace       used 2873K, committed 3008K, reserved 1114112K
  class space    used 324K, committed 384K, reserved 1048576K
}
Event: 2.318 GC heap before
{Heap before GC invocations=1 (full 0):
 garbage-first heap   total 262144K, used 17732K [0x0000000701e00000, 0x0000000800000000)
  region size 2048K, 6 young (12288K), 1 survivors (2048K)
 Metaspace       used 6961K, committed 7168K, reserved 1114112K
  class space    used 814K, committed 896K, reserved 1048576K
}
Event: 2.323 GC heap after
{Heap after GC invocations=2 (full 0):
 garbage-first heap   total 262144K, used 8817K [0x0000000701e00000, 0x0000000800000000)
  region size 2048K, 1 young (2048K), 1 survivors (2048K)
 Metaspace       used 6961K, committed 7168K, reserved 1114112K
  class space    used 814K, committed 896K, reserved 1048576K
}
Event: 3.404 GC heap before
{Heap before GC invocations=2 (full 0):
 garbage-first heap   total 262144K, used 35441K [0x0000000701e00000, 0x0000000800000000)
  region size 2048K, 14 young (28672K), 1 survivors (2048K)
 Metaspace       used 13338K, committed 13632K, reserved 1114112K
  class space    used 1747K, committed 1920K, reserved 1048576K
}
Event: 3.413 GC heap after
{Heap after GC invocations=3 (full 0):
 garbage-first heap   total 262144K, used 10859K [0x0000000701e00000, 0x0000000800000000)
  region size 2048K, 2 young (4096K), 2 survivors (4096K)
 Metaspace       used 13338K, committed 13632K, reserved 1114112K
  class space    used 1747K, committed 1920K, reserved 1048576K
}
Event: 4.936 GC heap before
{Heap before GC invocations=3 (full 0):
 garbage-first heap   total 262144K, used 53867K [0x0000000701e00000, 0x0000000800000000)
  region size 2048K, 25 young (51200K), 2 survivors (4096K)
 Metaspace       used 21145K, committed 21504K, reserved 1114112K
  class space    used 2768K, committed 2944K, reserved 1048576K
}
Event: 4.945 GC heap after
{Heap after GC invocations=4 (full 0):
 garbage-first heap   total 262144K, used 14733K [0x0000000701e00000, 0x0000000800000000)
  region size 2048K, 4 young (8192K), 4 survivors (8192K)
 Metaspace       used 21145K, committed 21504K, reserved 1114112K
  class space    used 2768K, committed 2944K, reserved 1048576K
}
Event: 6.481 GC heap before
{Heap before GC invocations=5 (full 0):
 garbage-first heap   total 69632K, used 47501K [0x0000000701e00000, 0x0000000800000000)
  region size 2048K, 20 young (40960K), 4 survivors (8192K)
 Metaspace       used 26044K, committed 26496K, reserved 1114112K
  class space    used 3582K, committed 3776K, reserved 1048576K
}
Event: 6.495 GC heap after
{Heap after GC invocations=6 (full 0):
 garbage-first heap   total 69632K, used 17387K [0x0000000701e00000, 0x0000000800000000)
  region size 2048K, 2 young (4096K), 2 survivors (4096K)
 Metaspace       used 26044K, committed 26496K, reserved 1114112K
  class space    used 3582K, committed 3776K, reserved 1048576K
}
Event: 7.610 GC heap before
{Heap before GC invocations=6 (full 0):
 garbage-first heap   total 69632K, used 52203K [0x0000000701e00000, 0x0000000800000000)
  region size 2048K, 19 young (38912K), 2 survivors (4096K)
 Metaspace       used 31915K, committed 32512K, reserved 1114112K
  class space    used 4410K, committed 4672K, reserved 1048576K
}
Event: 7.621 GC heap after
{Heap after GC invocations=7 (full 0):
 garbage-first heap   total 69632K, used 20570K [0x0000000701e00000, 0x0000000800000000)
  region size 2048K, 3 young (6144K), 3 survivors (6144K)
 Metaspace       used 31915K, committed 32512K, reserved 1114112K
  class space    used 4410K, committed 4672K, reserved 1048576K
}
Event: 8.253 GC heap before
{Heap before GC invocations=7 (full 0):
 garbage-first heap   total 69632K, used 32858K [0x0000000701e00000, 0x0000000800000000)
  region size 2048K, 10 young (20480K), 3 survivors (6144K)
 Metaspace       used 35436K, committed 35968K, reserved 1114112K
  class space    used 4947K, committed 5184K, reserved 1048576K
}
Event: 8.260 GC heap after
{Heap after GC invocations=8 (full 0):
 garbage-first heap   total 69632K, used 21381K [0x0000000701e00000, 0x0000000800000000)
  region size 2048K, 2 young (4096K), 2 survivors (4096K)
 Metaspace       used 35436K, committed 35968K, reserved 1114112K
  class space    used 4947K, committed 5184K, reserved 1048576K
}
Event: 9.767 GC heap before
{Heap before GC invocations=9 (full 0):
 garbage-first heap   total 69632K, used 58245K [0x0000000701e00000, 0x0000000800000000)
  region size 2048K, 20 young (40960K), 2 survivors (4096K)
 Metaspace       used 44476K, committed 45120K, reserved 1114112K
  class space    used 6234K, committed 6528K, reserved 1048576K
}
Event: 9.774 GC heap after
{Heap after GC invocations=10 (full 0):
 garbage-first heap   total 69632K, used 23627K [0x0000000701e00000, 0x0000000800000000)
  region size 2048K, 2 young (4096K), 2 survivors (4096K)
 Metaspace       used 44476K, committed 45120K, reserved 1114112K
  class space    used 6234K, committed 6528K, reserved 1048576K
}
Event: 11.258 GC heap before
{Heap before GC invocations=10 (full 0):
 garbage-first heap   total 69632K, used 58443K [0x0000000701e00000, 0x0000000800000000)
  region size 2048K, 19 young (38912K), 2 survivors (4096K)
 Metaspace       used 53979K, committed 54592K, reserved 1114112K
  class space    used 7767K, committed 8064K, reserved 1048576K
}
Event: 11.270 GC heap after
{Heap after GC invocations=11 (full 0):
 garbage-first heap   total 69632K, used 24855K [0x0000000701e00000, 0x0000000800000000)
  region size 2048K, 3 young (6144K), 3 survivors (6144K)
 Metaspace       used 53979K, committed 54592K, reserved 1114112K
  class space    used 7767K, committed 8064K, reserved 1048576K
}

